2014-09-06 18:11:44.468 Pipers[24576:70b] Multi-tasking -> Device: YES, App: YES
2014-09-06 18:11:44.491 Pipers[24576:70b] Unlimited access to network resources
2014-09-06 18:11:44.495 Pipers[24576:70b] 

Started backup to iCloud! Please be careful.
Your application might rejected by Apple if you store too much data.
For more information please read "iOS Data Storage Guidelines"
You could find it at the following address https://developer.apple.com/icloud/documentation/data-storage/ .

2014-09-06 18:11:44.749 Pipers[24576:70b] Resetting plugins due to page load.
2014-09-06 18:11:44.914 Pipers[24576:70b] Finished load of: file:///Users/htm/Library/Application%20Support/iPhone%20Simulator/7.1/Applications/12319D25-3914-42AD-A019-A5C994141C49/Pipers.app/www/index.html
2014-09-06 18:12:34.419 Pipers[24705:70b] Multi-tasking -> Device: YES, App: YES
2014-09-06 18:12:34.424 Pipers[24705:70b] Unlimited access to network resources
2014-09-06 18:12:34.426 Pipers[24705:70b] 

Started backup to iCloud! Please be careful.
Your application might rejected by Apple if you store too much data.
For more information please read "iOS Data Storage Guidelines"
You could find it at the following address https://developer.apple.com/icloud/documentation/data-storage/ .

2014-09-06 18:12:34.481 Pipers[24705:70b] Resetting plugins due to page load.
2014-09-06 18:12:34.515 Pipers[24705:70b] Finished load of: file:///Users/htm/Library/Application%20Support/iPhone%20Simulator/7.1/Applications/12319D25-3914-42AD-A019-A5C994141C49/Pipers.app/www/index.html
2014-09-07 07:25:00.788 Pipers[30662:70b] Multi-tasking -> Device: YES, App: YES
2014-09-07 07:25:00.809 Pipers[30662:70b] Unlimited access to network resources
2014-09-07 07:25:00.812 Pipers[30662:70b] 

Started backup to iCloud! Please be careful.
Your application might rejected by Apple if you store too much data.
For more information please read "iOS Data Storage Guidelines"
You could find it at the following address https://developer.apple.com/icloud/documentation/data-storage/ .

2014-09-07 07:25:01.068 Pipers[30662:70b] Resetting plugins due to page load.
2014-09-07 07:25:01.833 Pipers[30662:70b] Finished load of: file:///Users/htm/Library/Application%20Support/iPhone%20Simulator/7.1/Applications/12319D25-3914-42AD-A019-A5C994141C49/Pipers.app/www/index.html
objc[30662]: Class AXEmojiUtilities is implemented in both /Applications/Xcode.app/Contents/Developer/Platforms/iPhoneSimulator.platform/Developer/SDKs/iPhoneSimulator7.1.sdk/System/Library/PrivateFrameworks/AccessibilityUtilities.framework/AccessibilityUtilities and /Applications/Xcode.app/Contents/Developer/Platforms/iPhoneSimulator.platform/Developer/SDKs/iPhoneSimulator7.1.sdk/usr/lib/libAXSpeechManager.dylib. One of the two will be used. Which one is undefined.
2014-09-07 07:25:03.600 Pipers[30662:70b] Cannot find executable for CFBundle 0xa5f7760 </Applications/Xcode.app/Contents/Developer/Platforms/iPhoneSimulator.platform/Developer/SDKs/iPhoneSimulator7.1.sdk/System/Library/AccessibilityBundles/GeoServices.axbundle> (not loaded)
2014-09-07 07:25:03.602 Pipers[30662:70b] Cannot find executable for CFBundle 0xa567f40 </Applications/Xcode.app/Contents/Developer/Platforms/iPhoneSimulator.platform/Developer/SDKs/iPhoneSimulator7.1.sdk/System/Library/AccessibilityBundles/CertUIFramework.axbundle> (not loaded)
2014-09-07 07:25:03.611 Pipers[30662:70b] Cannot find executable for CFBundle 0xa548df0 </Applications/Xcode.app/Contents/Developer/Platforms/iPhoneSimulator.platform/Developer/SDKs/iPhoneSimulator7.1.sdk/System/Library/AccessibilityBundles/MusicLibrary.axbundle> (not loaded)
objc[30852]: Class AXEmojiUtilities is implemented in both /Applications/Xcode.app/Contents/Developer/Platforms/iPhoneSimulator.platform/Developer/SDKs/iPhoneSimulator7.1.sdk/System/Library/PrivateFrameworks/AccessibilityUtilities.framework/AccessibilityUtilities and /Applications/Xcode.app/Contents/Developer/Platforms/iPhoneSimulator.platform/Developer/SDKs/iPhoneSimulator7.1.sdk/usr/lib/libAXSpeechManager.dylib. One of the two will be used. Which one is undefined.
2014-09-07 07:36:38.162 Pipers[30852:70b] Cannot find executable for CFBundle 0xdcc0ca0 </Applications/Xcode.app/Contents/Developer/Platforms/iPhoneSimulator.platform/Developer/SDKs/iPhoneSimulator7.1.sdk/System/Library/AccessibilityBundles/CertUIFramework.axbundle> (not loaded)
2014-09-07 07:36:38.165 Pipers[30852:70b] Cannot find executable for CFBundle 0xa78ff40 </Applications/Xcode.app/Contents/Developer/Platforms/iPhoneSimulator.platform/Developer/SDKs/iPhoneSimulator7.1.sdk/System/Library/AccessibilityBundles/GeoServices.axbundle> (not loaded)
2014-09-07 07:36:38.184 Pipers[30852:70b] Multi-tasking -> Device: YES, App: YES
2014-09-07 07:36:38.188 Pipers[30852:70b] Unlimited access to network resources
2014-09-07 07:36:38.190 Pipers[30852:70b] 

Started backup to iCloud! Please be careful.
Your application might rejected by Apple if you store too much data.
For more information please read "iOS Data Storage Guidelines"
You could find it at the following address https://developer.apple.com/icloud/documentation/data-storage/ .

2014-09-07 07:36:38.236 Pipers[30852:70b] Resetting plugins due to page load.
2014-09-07 07:36:39.713 Pipers[30852:70b] Finished load of: file:///Users/htm/Library/Application%20Support/iPhone%20Simulator/7.1/Applications/12319D25-3914-42AD-A019-A5C994141C49/Pipers.app/www/index.html
objc[31045]: Class AXEmojiUtilities is implemented in both /Applications/Xcode.app/Contents/Developer/Platforms/iPhoneSimulator.platform/Developer/SDKs/iPhoneSimulator7.1.sdk/System/Library/PrivateFrameworks/AccessibilityUtilities.framework/AccessibilityUtilities and /Applications/Xcode.app/Contents/Developer/Platforms/iPhoneSimulator.platform/Developer/SDKs/iPhoneSimulator7.1.sdk/usr/lib/libAXSpeechManager.dylib. One of the two will be used. Which one is undefined.
2014-09-07 07:40:26.581 Pipers[31045:70b] Cannot find executable for CFBundle 0xa47fa50 </Applications/Xcode.app/Contents/Developer/Platforms/iPhoneSimulator.platform/Developer/SDKs/iPhoneSimulator7.1.sdk/System/Library/AccessibilityBundles/GeoServices.axbundle> (not loaded)
2014-09-07 07:40:26.585 Pipers[31045:70b] Cannot find executable for CFBundle 0xa37f6e0 </Applications/Xcode.app/Contents/Developer/Platforms/iPhoneSimulator.platform/Developer/SDKs/iPhoneSimulator7.1.sdk/System/Library/AccessibilityBundles/CertUIFramework.axbundle> (not loaded)
2014-09-07 07:40:26.618 Pipers[31045:70b] Multi-tasking -> Device: YES, App: YES
2014-09-07 07:40:26.626 Pipers[31045:70b] Unlimited access to network resources
2014-09-07 07:40:26.630 Pipers[31045:70b] 

Started backup to iCloud! Please be careful.
Your application might rejected by Apple if you store too much data.
For more information please read "iOS Data Storage Guidelines"
You could find it at the following address https://developer.apple.com/icloud/documentation/data-storage/ .

2014-09-07 07:40:26.811 Pipers[31045:70b] Resetting plugins due to page load.
2014-09-07 07:40:27.829 Pipers[31045:70b] Finished load of: file:///Users/htm/Library/Application%20Support/iPhone%20Simulator/7.1/Applications/12319D25-3914-42AD-A019-A5C994141C49/Pipers.app/www/index.html
objc[31128]: Class AXEmojiUtilities is implemented in both /Applications/Xcode.app/Contents/Developer/Platforms/iPhoneSimulator.platform/Developer/SDKs/iPhoneSimulator7.1.sdk/System/Library/PrivateFrameworks/AccessibilityUtilities.framework/AccessibilityUtilities and /Applications/Xcode.app/Contents/Developer/Platforms/iPhoneSimulator.platform/Developer/SDKs/iPhoneSimulator7.1.sdk/usr/lib/libAXSpeechManager.dylib. One of the two will be used. Which one is undefined.
2014-09-07 07:40:50.610 Pipers[31128:70b] Cannot find executable for CFBundle 0xa4310d0 </Applications/Xcode.app/Contents/Developer/Platforms/iPhoneSimulator.platform/Developer/SDKs/iPhoneSimulator7.1.sdk/System/Library/AccessibilityBundles/GeoServices.axbundle> (not loaded)
2014-09-07 07:40:50.618 Pipers[31128:70b] Cannot find executable for CFBundle 0xda46e90 </Applications/Xcode.app/Contents/Developer/Platforms/iPhoneSimulator.platform/Developer/SDKs/iPhoneSimulator7.1.sdk/System/Library/AccessibilityBundles/CertUIFramework.axbundle> (not loaded)
2014-09-07 07:40:50.640 Pipers[31128:70b] Multi-tasking -> Device: YES, App: YES
2014-09-07 07:40:50.647 Pipers[31128:70b] Unlimited access to network resources
2014-09-07 07:40:50.649 Pipers[31128:70b] 

Started backup to iCloud! Please be careful.
Your application might rejected by Apple if you store too much data.
For more information please read "iOS Data Storage Guidelines"
You could find it at the following address https://developer.apple.com/icloud/documentation/data-storage/ .

2014-09-07 07:40:50.697 Pipers[31128:70b] Resetting plugins due to page load.
2014-09-07 07:40:51.991 Pipers[31128:70b] Finished load of: file:///Users/htm/Library/Application%20Support/iPhone%20Simulator/7.1/Applications/12319D25-3914-42AD-A019-A5C994141C49/Pipers.app/www/index.html
objc[31297]: Class AXEmojiUtilities is implemented in both /Applications/Xcode.app/Contents/Developer/Platforms/iPhoneSimulator.platform/Developer/SDKs/iPhoneSimulator7.1.sdk/System/Library/PrivateFrameworks/AccessibilityUtilities.framework/AccessibilityUtilities and /Applications/Xcode.app/Contents/Developer/Platforms/iPhoneSimulator.platform/Developer/SDKs/iPhoneSimulator7.1.sdk/usr/lib/libAXSpeechManager.dylib. One of the two will be used. Which one is undefined.
2014-09-07 07:41:41.410 Pipers[31297:70b] Cannot find executable for CFBundle 0xa730b00 </Applications/Xcode.app/Contents/Developer/Platforms/iPhoneSimulator.platform/Developer/SDKs/iPhoneSimulator7.1.sdk/System/Library/AccessibilityBundles/GeoServices.axbundle> (not loaded)
2014-09-07 07:41:41.415 Pipers[31297:70b] Cannot find executable for CFBundle 0xa779920 </Applications/Xcode.app/Contents/Developer/Platforms/iPhoneSimulator.platform/Developer/SDKs/iPhoneSimulator7.1.sdk/System/Library/AccessibilityBundles/CertUIFramework.axbundle> (not loaded)
2014-09-07 07:41:41.432 Pipers[31297:70b] Multi-tasking -> Device: YES, App: YES
2014-09-07 07:41:41.437 Pipers[31297:70b] Unlimited access to network resources
2014-09-07 07:41:41.439 Pipers[31297:70b] 

Started backup to iCloud! Please be careful.
Your application might rejected by Apple if you store too much data.
For more information please read "iOS Data Storage Guidelines"
You could find it at the following address https://developer.apple.com/icloud/documentation/data-storage/ .

2014-09-07 07:41:41.485 Pipers[31297:70b] Resetting plugins due to page load.
2014-09-07 07:41:42.428 Pipers[31297:70b] Finished load of: file:///Users/htm/Library/Application%20Support/iPhone%20Simulator/7.1/Applications/12319D25-3914-42AD-A019-A5C994141C49/Pipers.app/www/index.html
objc[31471]: Class AXEmojiUtilities is implemented in both /Applications/Xcode.app/Contents/Developer/Platforms/iPhoneSimulator.platform/Developer/SDKs/iPhoneSimulator7.1.sdk/System/Library/PrivateFrameworks/AccessibilityUtilities.framework/AccessibilityUtilities and /Applications/Xcode.app/Contents/Developer/Platforms/iPhoneSimulator.platform/Developer/SDKs/iPhoneSimulator7.1.sdk/usr/lib/libAXSpeechManager.dylib. One of the two will be used. Which one is undefined.
2014-09-07 07:43:16.620 Pipers[31471:70b] Cannot find executable for CFBundle 0xa7bceb0 </Applications/Xcode.app/Contents/Developer/Platforms/iPhoneSimulator.platform/Developer/SDKs/iPhoneSimulator7.1.sdk/System/Library/AccessibilityBundles/GeoServices.axbundle> (not loaded)
2014-09-07 07:43:16.624 Pipers[31471:70b] Cannot find executable for CFBundle 0xa7dd130 </Applications/Xcode.app/Contents/Developer/Platforms/iPhoneSimulator.platform/Developer/SDKs/iPhoneSimulator7.1.sdk/System/Library/AccessibilityBundles/CertUIFramework.axbundle> (not loaded)
2014-09-07 07:43:16.641 Pipers[31471:70b] Multi-tasking -> Device: YES, App: YES
2014-09-07 07:43:16.646 Pipers[31471:70b] Unlimited access to network resources
2014-09-07 07:43:16.648 Pipers[31471:70b] 

Started backup to iCloud! Please be careful.
Your application might rejected by Apple if you store too much data.
For more information please read "iOS Data Storage Guidelines"
You could find it at the following address https://developer.apple.com/icloud/documentation/data-storage/ .

2014-09-07 07:43:16.694 Pipers[31471:70b] Resetting plugins due to page load.
2014-09-07 07:43:17.963 Pipers[31471:70b] Finished load of: file:///Users/htm/Library/Application%20Support/iPhone%20Simulator/7.1/Applications/12319D25-3914-42AD-A019-A5C994141C49/Pipers.app/www/index.html
